<?xml version="1.0" encoding="utf-8" standalone="no"?>
<!--This file represents the results of running a test suite-->
<test-results name="C:\VS_Projects\RestartMappingService\Tests\bin\Debug\Tests.dll" total="1" errors="0" failures="0" not-run="0" inconclusive="0" ignored="0" skipped="0" invalid="0" date="2012-05-23" time="16:58:54">
  <environment nunit-version="2.6.0.12051" clr-version="2.0.50727.5456" os-version="Microsoft Windows NT 6.1.7601 Service Pack 1" platform="Win32NT" cwd="C:\VS_Projects\RestartMappingService\packages\NUnit.Runners.2.6.0.12051\tools" machine-name="T6980" user="james" user-domain="MIDWAY" />
  <culture-info current-culture="en-AU" current-uiculture="en-US" />
  <test-suite type="Assembly" name="C:\VS_Projects\RestartMappingService\Tests\bin\Debug\Tests.dll" executed="True" result="Success" success="True" time="0.637" asserts="0">
    <results>
      <test-suite type="Namespace" name="Tests" executed="True" result="Success" success="True" time="0.613" asserts="0">
        <results>
          <test-suite type="TestFixture" name="MappingServiceRestartTest" executed="True" result="Success" success="True" time="0.610" asserts="0">
            <results>
              <test-case name="Tests.MappingServiceRestartTest.MakeSureAServiceCanRestart" executed="True" result="Success" success="True" time="0.588" asserts="0" />
            </results>
          </test-suite>
        </results>
      </test-suite>
    </results>
  </test-suite>
</test-results>